Arguments: 
  C:\Program Files\nodejs\node.exe C:\Users\Kodri\AppData\Roaming\npm\node_modules\yarn\bin\yarn.js add .env -s

PATH: 
  C:\Program Files\Java\jdk-14\bin;C:\Windows\system32;C:\Windows;C:\Windows\System32\Wbem;C:\Windows\System32\WindowsPowerShell\v1.0\;C:\Windows\System32\OpenSSH\;C:\Program Files (x86)\Bitvise SSH Client;C:\Program Files\OpenVPN\bin;C:\Program Files (x86)\Windows Live\Shared;C:\Program Files\Git\cmd;C:\xampp\php;C:\ProgramData\ComposerSetup\bin;C:\Program Files\nodejs\;C:\Users\Kodri\AppData\Local\Microsoft\WindowsApps;C:\Users\Kodri\AppData\Local\Programs\Microsoft VS Code\bin;C:\Program Files\JetBrains\IntelliJ IDEA Community Edition 2019.3.4\bin;C:\Users\Kodri\AppData\Local\GitHubDesktop\bin;C:\Users\Kodri\AppData\Roaming\Composer\vendor\bin;C:\Users\Kodri\AppData\Roaming\npm;C:\.npm-global;C:\.yarn-global;

Yarn version: 
  1.22.5

Node version: 
  12.18.3

Platform: 
  win32 x64

Trace: 
  Error: https://registry.yarnpkg.com/.env: Not found
      at Request.params.callback [as _callback] (C:\Users\Kodri\AppData\Roaming\npm\node_modules\yarn\lib\cli.js:66988:18)
      at Request.self.callback (C:\Users\Kodri\AppData\Roaming\npm\node_modules\yarn\lib\cli.js:140662:22)
      at Request.emit (events.js:315:20)
      at Request.<anonymous> (C:\Users\Kodri\AppData\Roaming\npm\node_modules\yarn\lib\cli.js:141634:10)
      at Request.emit (events.js:315:20)
      at IncomingMessage.<anonymous> (C:\Users\Kodri\AppData\Roaming\npm\node_modules\yarn\lib\cli.js:141556:12)
      at Object.onceWrapper (events.js:421:28)
      at IncomingMessage.emit (events.js:327:22)
      at endReadableNT (_stream_readable.js:1220:12)
      at processTicksAndRejections (internal/process/task_queues.js:84:21)

npm manifest: 
  {
    "name": "e-commerce",
    "version": "1.0.0",
    "description": "",
    "main": "index.js",
    "scripts": {
      "test": "echo \"Error: no test specified\" && exit 1"
    },
    "keywords": [],
    "author": "",
    "license": "ISC",
    "dependencies": {
      "bcryptjs": "^2.4.3",
      "cors": "^2.8.5",
      "env": "0.0.2",
      "express": "^4.17.1",
      "joi": "^17.2.1",
      "jsonwebtoken": "^8.5.1",
      "multer": "^1.4.2",
      "mysql": "^2.18.1"
    },
    "devDependencies": {
      "standard": "^14.3.4"
    }
  }

yarn manifest: 
  No manifest

Lockfile: 
  No lockfile
